/sw/external/python/old_versions/anaconda3_gpu2022.10/bin/python
Enable just-in-time compilation with XLA.

Disable just-in-time compilation with XLA.

Num GPUs Available:  1
Set the default float type to float64
data_t.shape  =  (5000, 29852)
data_s.shape  =  (5000, 29852)
n_cases =  5000
Temp shape:  (5000, 1, 29852, 2)
Training with  4900  points
u0_train.shape =  (4900, 101)
type of u0_train =  <class 'numpy.ndarray'>
u0_testing.shape =  (100, 101)
s_train.shape =  (4900, 1, 29852, 2)
s_testing.shape =  (100, 1, 29852, 2)
xy_train_testing.shape (29852, 3)
Model: "sequential"
_________________________________________________________________
 Layer (type)                Output Shape              Param #   
=================================================================
 gru (GRU)                   (64, 101, 256)            198912    
                                                                 
 gru_1 (GRU)                 (64, 128)                 148224    
                                                                 
 repeat_vector (RepeatVector  (64, 256, 128)           0         
 )                                                               
                                                                 
 gru_2 (GRU)                 (64, 256, 128)            99072     
                                                                 
 gru_3 (GRU)                 (64, 256, 256)            296448    
                                                                 
 time_distributed (TimeDistr  (64, 256, 1)             257       
 ibuted)                                                         
                                                                 
=================================================================
Total params: 742,913
Trainable params: 742,913
Non-trainable params: 0
_________________________________________________________________
Model: "sequential_1"
_________________________________________________________________
 Layer (type)                Output Shape              Param #   
=================================================================
 dense_1 (Dense)             (None, 256)               1024      
                                                                 
 dense_2 (Dense)             (None, 256)               65792     
                                                                 
 dense_3 (Dense)             (None, 256)               65792     
                                                                 
 dense_4 (Dense)             (None, 256)               65792     
                                                                 
 dense_5 (Dense)             (None, 256)               65792     
                                                                 
 dense_6 (Dense)             (None, 512)               131584    
                                                                 
 reshape (Reshape)           (None, 256, 2)            0         
                                                                 
=================================================================
Total params: 395,776
Trainable params: 395,776
Non-trainable params: 0
_________________________________________________________________
y_train shape: (4900, 1, 29852, 2)
Compiling model...
'compile' took 0.325882 s

Training model...

Step      Train loss    Test loss     Test metric                       
0         [4.05e-01]    [3.92e-01]    [1.26e+00, 7.65e+01, 2.71e-01]    
1000      [4.42e-02]    [5.10e-02]    [3.19e-01, 2.54e+01, 6.38e-04]    
2000      [2.78e-02]    [2.51e-02]    [2.57e-01, 1.28e+01, 5.64e-04]    
3000      [2.41e-02]    [2.36e-02]    [2.51e-01, 1.22e+01, 5.64e-04]    
4000      [3.43e-02]    [2.34e-02]    [2.54e-01, 1.20e+01, 5.64e-04]    
5000      [3.03e-02]    [2.28e-02]    [2.38e-01, 1.17e+01, 5.64e-04]    
6000      [3.16e-02]    [1.94e-02]    [2.06e-01, 9.59e+00, 5.33e-04]    
7000      [1.57e-02]    [1.37e-02]    [1.94e-01, 8.18e+00, 2.05e-04]    
8000      [1.34e-02]    [1.26e-02]    [1.58e-01, 6.84e+00, 2.25e-04]    
9000      [1.17e-02]    [1.07e-02]    [1.40e-01, 5.75e+00, 2.05e-04]    
10000     [1.14e-02]    [1.01e-02]    [1.36e-01, 5.53e+00, 1.73e-04]    
11000     [1.16e-02]    [9.74e-03]    [1.35e-01, 5.45e+00, 1.64e-04]    
12000     [1.20e-02]    [9.97e-03]    [1.36e-01, 5.31e+00, 2.03e-04]    
13000     [1.08e-02]    [1.03e-02]    [1.36e-01, 5.53e+00, 1.90e-04]    
14000     [1.04e-02]    [9.14e-03]    [1.34e-01, 5.13e+00, 1.51e-04]    
15000     [1.23e-02]    [8.93e-03]    [1.32e-01, 5.04e+00, 1.42e-04]    
16000     [1.08e-02]    [8.93e-03]    [1.34e-01, 5.10e+00, 1.44e-04]    
17000     [1.01e-02]    [8.66e-03]    [1.30e-01, 4.95e+00, 1.28e-04]    
18000     [7.90e-03]    [8.65e-03]    [1.31e-01, 4.91e+00, 1.37e-04]    
19000     [1.02e-02]    [8.81e-03]    [1.29e-01, 4.90e+00, 1.45e-04]    
20000     [1.07e-02]    [8.46e-03]    [1.28e-01, 4.83e+00, 1.30e-04]    
21000     [7.47e-03]    [7.80e-03]    [1.24e-01, 4.56e+00, 1.13e-04]    
22000     [8.72e-03]    [7.59e-03]    [1.22e-01, 4.48e+00, 1.04e-04]    
23000     [8.08e-03]    [7.77e-03]    [1.23e-01, 4.54e+00, 1.07e-04]    
24000     [7.17e-03]    [7.65e-03]    [1.18e-01, 4.44e+00, 8.94e-05]    
25000     [8.49e-03]    [7.11e-03]    [1.18e-01, 4.22e+00, 8.43e-05]    
26000     [8.48e-03]    [6.74e-03]    [1.14e-01, 3.96e+00, 9.45e-05]    
27000     [6.79e-03]    [6.66e-03]    [1.11e-01, 3.87e+00, 9.64e-05]    
28000     [5.95e-03]    [6.72e-03]    [1.10e-01, 3.87e+00, 9.91e-05]    
29000     [7.35e-03]    [6.73e-03]    [1.09e-01, 3.89e+00, 9.11e-05]    
30000     [8.73e-03]    [6.31e-03]    [1.04e-01, 3.70e+00, 8.54e-05]    
31000     [6.52e-03]    [6.42e-03]    [1.01e-01, 3.61e+00, 1.02e-04]    
32000     [7.84e-03]    [6.25e-03]    [1.01e-01, 3.62e+00, 8.56e-05]    
33000     [7.01e-03]    [6.65e-03]    [9.88e-02, 3.78e+00, 7.79e-05]    
34000     [7.07e-03]    [5.95e-03]    [9.85e-02, 3.47e+00, 7.49e-05]    
35000     [5.88e-03]    [5.98e-03]    [9.58e-02, 3.43e+00, 8.08e-05]    
36000     [7.44e-03]    [5.56e-03]    [9.56e-02, 3.29e+00, 6.40e-05]    
37000     [6.39e-03]    [6.04e-03]    [9.71e-02, 3.48e+00, 7.26e-05]    
38000     [6.20e-03]    [5.85e-03]    [9.70e-02, 3.40e+00, 7.44e-05]    
39000     [6.41e-03]    [5.65e-03]    [9.38e-02, 3.31e+00, 6.66e-05]    
40000     [5.35e-03]    [5.61e-03]    [9.54e-02, 3.33e+00, 6.13e-05]    
41000     [5.47e-03]    [5.65e-03]    [9.37e-02, 3.29e+00, 7.27e-05]    
42000     [6.49e-03]    [5.50e-03]    [9.48e-02, 3.25e+00, 6.46e-05]    
43000     [7.43e-03]    [5.58e-03]    [9.40e-02, 3.24e+00, 7.34e-05]    
44000     [6.40e-03]    [5.55e-03]    [9.48e-02, 3.27e+00, 6.71e-05]    
45000     [5.82e-03]    [5.41e-03]    [8.91e-02, 3.12e+00, 6.96e-05]    
46000     [7.63e-03]    [5.57e-03]    [9.29e-02, 3.24e+00, 6.85e-05]    
47000     [5.81e-03]    [5.42e-03]    [9.22e-02, 3.18e+00, 6.86e-05]    
48000     [4.56e-03]    [5.52e-03]    [9.08e-02, 3.20e+00, 6.88e-05]    
49000     [5.20e-03]    [5.28e-03]    [8.91e-02, 3.06e+00, 6.79e-05]    
50000     [6.17e-03]    [5.26e-03]    [8.94e-02, 3.09e+00, 6.11e-05]    
51000     [4.01e-03]    [5.30e-03]    [9.13e-02, 3.11e+00, 6.93e-05]    
52000     [5.64e-03]    [5.23e-03]    [8.90e-02, 3.06e+00, 6.53e-05]    
53000     [5.46e-03]    [5.26e-03]    [9.11e-02, 3.11e+00, 6.51e-05]    
54000     [5.96e-03]    [5.27e-03]    [8.99e-02, 3.09e+00, 6.85e-05]    
55000     [6.26e-03]    [5.33e-03]    [9.13e-02, 3.15e+00, 6.46e-05]    
56000     [6.09e-03]    [5.42e-03]    [9.00e-02, 3.15e+00, 7.12e-05]    
57000     [4.49e-03]    [5.22e-03]    [8.91e-02, 3.04e+00, 7.07e-05]    
58000     [5.09e-03]    [5.29e-03]    [8.90e-02, 3.05e+00, 7.28e-05]    
59000     [4.93e-03]    [5.22e-03]    [8.94e-02, 3.03e+00, 7.50e-05]    
60000     [4.13e-03]    [5.20e-03]    [8.91e-02, 3.02e+00, 7.28e-05]    
61000     [5.41e-03]    [5.20e-03]    [8.76e-02, 2.99e+00, 7.71e-05]    
62000     [5.46e-03]    [5.24e-03]    [8.81e-02, 3.01e+00, 7.71e-05]    
63000     [4.90e-03]    [5.15e-03]    [8.85e-02, 2.99e+00, 7.20e-05]    
64000     [4.53e-03]    [5.21e-03]    [8.79e-02, 3.01e+00, 7.58e-05]    
65000     [4.58e-03]    [5.14e-03]    [8.71e-02, 3.00e+00, 6.92e-05]    
66000     [5.27e-03]    [5.23e-03]    [8.74e-02, 3.03e+00, 6.97e-05]    
67000     [4.19e-03]    [5.18e-03]    [8.73e-02, 3.00e+00, 7.11e-05]    
68000     [4.74e-03]    [5.09e-03]    [8.73e-02, 2.98e+00, 6.89e-05]    
69000     [5.26e-03]    [5.07e-03]    [8.56e-02, 2.97e+00, 6.47e-05]    
70000     [4.96e-03]    [5.13e-03]    [8.69e-02, 2.98e+00, 7.26e-05]    
71000     [4.52e-03]    [5.09e-03]    [8.66e-02, 2.98e+00, 6.89e-05]    
72000     [4.82e-03]    [5.33e-03]    [8.80e-02, 3.11e+00, 6.90e-05]    
73000     [4.72e-03]    [5.13e-03]    [8.72e-02, 3.00e+00, 6.82e-05]    
74000     [5.28e-03]    [5.07e-03]    [8.53e-02, 2.95e+00, 7.03e-05]    
75000     [4.44e-03]    [5.17e-03]    [8.72e-02, 3.00e+00, 7.23e-05]    
76000     [5.16e-03]    [5.03e-03]    [8.53e-02, 2.93e+00, 6.81e-05]    
77000     [5.03e-03]    [4.97e-03]    [8.51e-02, 2.92e+00, 6.59e-05]    
78000     [3.72e-03]    [4.94e-03]    [8.45e-02, 2.91e+00, 6.30e-05]    
79000     [4.26e-03]    [5.05e-03]    [8.47e-02, 2.93e+00, 7.00e-05]    
80000     [5.65e-03]    [4.93e-03]    [8.43e-02, 2.90e+00, 6.45e-05]    
81000     [4.33e-03]    [5.01e-03]    [8.50e-02, 2.92e+00, 6.92e-05]    
82000     [4.16e-03]    [4.96e-03]    [8.49e-02, 2.92e+00, 6.25e-05]    
83000     [4.05e-03]    [4.99e-03]    [8.47e-02, 2.91e+00, 6.69e-05]    
84000     [5.11e-03]    [5.03e-03]    [8.45e-02, 2.92e+00, 6.85e-05]    
85000     [3.62e-03]    [4.95e-03]    [8.44e-02, 2.90e+00, 6.55e-05]    
86000     [4.97e-03]    [4.97e-03]    [8.47e-02, 2.95e+00, 6.04e-05]    
87000     [4.73e-03]    [4.94e-03]    [8.47e-02, 2.91e+00, 6.38e-05]    
88000     [4.26e-03]    [4.83e-03]    [8.42e-02, 2.86e+00, 6.10e-05]    
89000     [3.75e-03]    [4.93e-03]    [8.39e-02, 2.92e+00, 6.17e-05]    
90000     [4.05e-03]    [4.85e-03]    [8.41e-02, 2.87e+00, 6.18e-05]    
91000     [4.79e-03]    [4.94e-03]    [8.44e-02, 2.91e+00, 6.31e-05]    
92000     [4.50e-03]    [5.04e-03]    [8.50e-02, 2.94e+00, 6.67e-05]    
93000     [4.39e-03]    [4.93e-03]    [8.37e-02, 2.88e+00, 6.82e-05]    
94000     [5.06e-03]    [4.85e-03]    [8.35e-02, 2.85e+00, 6.44e-05]    
95000     [5.46e-03]    [4.93e-03]    [8.37e-02, 2.87e+00, 6.62e-05]    
96000     [4.53e-03]    [4.91e-03]    [8.43e-02, 2.89e+00, 6.53e-05]    
97000     [5.86e-03]    [4.82e-03]    [8.39e-02, 2.84e+00, 6.24e-05]    
98000     [4.22e-03]    [4.85e-03]    [8.39e-02, 2.87e+00, 6.16e-05]    
99000     [4.28e-03]    [4.93e-03]    [8.41e-02, 2.87e+00, 6.70e-05]    
100000    [3.58e-03]    [4.82e-03]    [8.37e-02, 2.85e+00, 6.03e-05]    
101000    [5.15e-03]    [4.83e-03]    [8.29e-02, 2.84e+00, 6.01e-05]    
102000    [3.75e-03]    [4.90e-03]    [8.45e-02, 2.89e+00, 6.39e-05]    
103000    [3.88e-03]    [4.83e-03]    [8.37e-02, 2.86e+00, 5.88e-05]    
104000    [3.82e-03]    [4.85e-03]    [8.40e-02, 2.88e+00, 6.01e-05]    
105000    [4.98e-03]    [4.80e-03]    [8.36e-02, 2.84e+00, 6.01e-05]    
106000    [4.34e-03]    [4.91e-03]    [8.39e-02, 2.89e+00, 6.38e-05]    
107000    [3.48e-03]    [4.78e-03]    [8.32e-02, 2.83e+00, 6.08e-05]    
108000    [3.67e-03]    [4.76e-03]    [8.36e-02, 2.84e+00, 5.82e-05]    
109000    [4.48e-03]    [4.82e-03]    [8.35e-02, 2.85e+00, 6.14e-05]    
110000    [4.03e-03]    [4.82e-03]    [8.35e-02, 2.83e+00, 6.24e-05]    
111000    [4.34e-03]    [4.76e-03]    [8.33e-02, 2.82e+00, 5.98e-05]    
112000    [4.30e-03]    [4.80e-03]    [8.37e-02, 2.85e+00, 5.92e-05]    
113000    [3.90e-03]    [4.84e-03]    [8.40e-02, 2.86e+00, 6.16e-05]    
114000    [4.79e-03]    [4.81e-03]    [8.38e-02, 2.87e+00, 5.76e-05]    
115000    [4.17e-03]    [4.75e-03]    [8.36e-02, 2.83e+00, 5.82e-05]    
116000    [3.56e-03]    [4.92e-03]    [8.45e-02, 2.88e+00, 6.63e-05]    
117000    [4.20e-03]    [4.84e-03]    [8.43e-02, 2.84e+00, 6.49e-05]    
118000    [4.52e-03]    [4.71e-03]    [8.34e-02, 2.81e+00, 5.72e-05]    
119000    [3.49e-03]    [4.73e-03]    [8.35e-02, 2.84e+00, 5.38e-05]    
120000    [3.66e-03]    [4.78e-03]    [8.33e-02, 2.83e+00, 5.93e-05]    
121000    [4.30e-03]    [4.73e-03]    [8.33e-02, 2.82e+00, 5.62e-05]    
122000    [4.29e-03]    [4.75e-03]    [8.33e-02, 2.82e+00, 5.90e-05]    
123000    [4.59e-03]    [4.76e-03]    [8.30e-02, 2.84e+00, 5.74e-05]    
124000    [4.35e-03]    [4.73e-03]    [8.36e-02, 2.82e+00, 5.81e-05]    
125000    [3.96e-03]    [4.71e-03]    [8.33e-02, 2.81e+00, 5.75e-05]    
126000    [4.18e-03]    [4.79e-03]    [8.38e-02, 2.84e+00, 5.85e-05]    
127000    [4.21e-03]    [4.75e-03]    [8.37e-02, 2.83e+00, 5.84e-05]    
128000    [4.35e-03]    [4.78e-03]    [8.32e-02, 2.82e+00, 6.20e-05]    
129000    [4.69e-03]    [4.82e-03]    [8.41e-02, 2.87e+00, 5.91e-05]    
130000    [3.44e-03]    [4.71e-03]    [8.31e-02, 2.80e+00, 5.94e-05]    
131000    [3.77e-03]    [4.74e-03]    [8.34e-02, 2.82e+00, 5.95e-05]    
132000    [3.89e-03]    [4.74e-03]    [8.34e-02, 2.82e+00, 5.83e-05]    
133000    [4.36e-03]    [4.79e-03]    [8.40e-02, 2.86e+00, 5.92e-05]    
134000    [4.05e-03]    [4.76e-03]    [8.36e-02, 2.82e+00, 6.14e-05]    
135000    [5.23e-03]    [4.77e-03]    [8.35e-02, 2.82e+00, 6.01e-05]    
136000    [5.25e-03]    [4.71e-03]    [8.32e-02, 2.79e+00, 6.06e-05]    
137000    [3.97e-03]    [4.75e-03]    [8.35e-02, 2.83e+00, 5.80e-05]    
138000    [4.37e-03]    [4.67e-03]    [8.29e-02, 2.79e+00, 5.62e-05]    
139000    [3.90e-03]    [4.73e-03]    [8.38e-02, 2.82e+00, 5.78e-05]    
140000    [4.19e-03]    [4.71e-03]    [8.34e-02, 2.79e+00, 6.07e-05]    
141000    [4.21e-03]    [4.84e-03]    [8.43e-02, 2.86e+00, 6.42e-05]    
142000    [4.53e-03]    [4.75e-03]    [8.41e-02, 2.82e+00, 6.02e-05]    
143000    [4.94e-03]    [4.71e-03]    [8.40e-02, 2.81e+00, 5.68e-05]    
144000    [3.80e-03]    [4.70e-03]    [8.31e-02, 2.80e+00, 5.76e-05]    
145000    [5.21e-03]    [4.74e-03]    [8.38e-02, 2.82e+00, 5.89e-05]    
146000    [3.63e-03]    [4.66e-03]    [8.31e-02, 2.79e+00, 5.54e-05]    
147000    [4.46e-03]    [4.68e-03]    [8.37e-02, 2.79e+00, 5.74e-05]    
148000    [3.69e-03]    [4.65e-03]    [8.33e-02, 2.77e+00, 5.71e-05]    
149000    [3.91e-03]    [4.81e-03]    [8.36e-02, 2.83e+00, 6.11e-05]    
150000    [4.60e-03]    [4.64e-03]    [8.29e-02, 2.76e+00, 5.77e-05]    
151000    [4.45e-03]    [4.64e-03]    [8.31e-02, 2.78e+00, 5.55e-05]    
152000    [3.69e-03]    [4.65e-03]    [8.32e-02, 2.78e+00, 5.59e-05]    
153000    [4.85e-03]    [4.74e-03]    [8.35e-02, 2.82e+00, 5.91e-05]    
154000    [3.13e-03]    [4.66e-03]    [8.30e-02, 2.77e+00, 5.93e-05]    
155000    [4.35e-03]    [4.69e-03]    [8.35e-02, 2.78e+00, 5.95e-05]    
156000    [3.91e-03]    [4.65e-03]    [8.31e-02, 2.77e+00, 5.72e-05]    
157000    [4.08e-03]    [4.67e-03]    [8.33e-02, 2.78e+00, 5.79e-05]    
158000    [3.72e-03]    [4.66e-03]    [8.28e-02, 2.77e+00, 5.77e-05]    
159000    [3.17e-03]    [4.66e-03]    [8.33e-02, 2.78e+00, 5.78e-05]    
160000    [4.28e-03]    [4.64e-03]    [8.31e-02, 2.77e+00, 5.68e-05]    
161000    [3.37e-03]    [4.70e-03]    [8.33e-02, 2.79e+00, 5.83e-05]    
162000    [3.05e-03]    [4.64e-03]    [8.32e-02, 2.78e+00, 5.63e-05]    
163000    [3.32e-03]    [4.64e-03]    [8.31e-02, 2.78e+00, 5.63e-05]    
164000    [3.26e-03]    [4.69e-03]    [8.35e-02, 2.79e+00, 5.86e-05]    
165000    [5.00e-03]    [4.65e-03]    [8.34e-02, 2.78e+00, 5.72e-05]    
166000    [3.62e-03]    [4.67e-03]    [8.33e-02, 2.78e+00, 5.92e-05]    
167000    [3.63e-03]    [4.63e-03]    [8.29e-02, 2.77e+00, 5.59e-05]    
168000    [3.61e-03]    [4.74e-03]    [8.35e-02, 2.82e+00, 5.79e-05]    
169000    [3.98e-03]    [4.62e-03]    [8.30e-02, 2.77e+00, 5.59e-05]    
170000    [3.58e-03]    [4.68e-03]    [8.35e-02, 2.78e+00, 5.90e-05]    
171000    [4.19e-03]    [4.62e-03]    [8.30e-02, 2.77e+00, 5.51e-05]    
172000    [3.31e-03]    [4.56e-03]    [8.26e-02, 2.74e+00, 5.39e-05]    
173000    [3.45e-03]    [4.65e-03]    [8.33e-02, 2.78e+00, 5.71e-05]    
174000    [3.32e-03]    [4.78e-03]    [8.41e-02, 2.84e+00, 6.20e-05]    
175000    [4.04e-03]    [4.67e-03]    [8.37e-02, 2.79e+00, 5.86e-05]    
176000    [4.05e-03]    [4.63e-03]    [8.35e-02, 2.79e+00, 5.48e-05]    
177000    [3.38e-03]    [4.61e-03]    [8.30e-02, 2.76e+00, 5.57e-05]    
178000    [3.06e-03]    [4.66e-03]    [8.33e-02, 2.78e+00, 5.64e-05]    
179000    [4.03e-03]    [4.64e-03]    [8.35e-02, 2.79e+00, 5.47e-05]    
180000    [3.45e-03]    [4.61e-03]    [8.33e-02, 2.77e+00, 5.56e-05]    
181000    [3.71e-03]    [4.56e-03]    [8.33e-02, 2.75e+00, 5.31e-05]    
182000    [3.85e-03]    [4.65e-03]    [8.33e-02, 2.77e+00, 5.88e-05]    
183000    [3.49e-03]    [4.64e-03]    [8.30e-02, 2.77e+00, 5.77e-05]    
184000    [3.53e-03]    [4.64e-03]    [8.29e-02, 2.77e+00, 5.70e-05]    
185000    [3.56e-03]    [4.67e-03]    [8.32e-02, 2.78e+00, 5.79e-05]    
186000    [3.16e-03]    [4.71e-03]    [8.34e-02, 2.82e+00, 5.66e-05]    
187000    [4.28e-03]    [4.71e-03]    [8.33e-02, 2.79e+00, 6.10e-05]    
188000    [3.78e-03]    [4.66e-03]    [8.32e-02, 2.78e+00, 5.82e-05]    
189000    [3.71e-03]    [4.62e-03]    [8.29e-02, 2.77e+00, 5.50e-05]    
190000    [4.79e-03]    [4.66e-03]    [8.34e-02, 2.79e+00, 5.78e-05]    
191000    [3.74e-03]    [4.67e-03]    [8.35e-02, 2.80e+00, 5.65e-05]    
192000    [4.15e-03]    [4.66e-03]    [8.32e-02, 2.78e+00, 5.70e-05]    
193000    [3.93e-03]    [4.63e-03]    [8.33e-02, 2.78e+00, 5.53e-05]    
194000    [3.85e-03]    [4.65e-03]    [8.34e-02, 2.80e+00, 5.44e-05]    
195000    [3.03e-03]    [4.67e-03]    [8.32e-02, 2.78e+00, 6.00e-05]    
196000    [4.13e-03]    [4.64e-03]    [8.32e-02, 2.77e+00, 5.75e-05]    
197000    [4.77e-03]    [4.65e-03]    [8.31e-02, 2.77e+00, 5.86e-05]    
198000    [4.88e-03]    [4.64e-03]    [8.28e-02, 2.76e+00, 5.86e-05]    
199000    [3.44e-03]    [4.60e-03]    [8.28e-02, 2.76e+00, 5.58e-05]    
200000    [3.86e-03]    [4.66e-03]    [8.29e-02, 2.78e+00, 5.66e-05]    
201000    [3.49e-03]    [4.65e-03]    [8.30e-02, 2.78e+00, 5.63e-05]    
202000    [4.30e-03]    [4.65e-03]    [8.36e-02, 2.78e+00, 5.71e-05]    
203000    [3.63e-03]    [4.63e-03]    [8.29e-02, 2.76e+00, 5.70e-05]    
204000    [2.89e-03]    [4.62e-03]    [8.31e-02, 2.76e+00, 5.73e-05]    
205000    [3.30e-03]    [4.64e-03]    [8.32e-02, 2.78e+00, 5.67e-05]    
206000    [5.08e-03]    [4.66e-03]    [8.33e-02, 2.78e+00, 5.78e-05]    
207000    [3.81e-03]    [4.60e-03]    [8.28e-02, 2.76e+00, 5.51e-05]    
208000    [3.90e-03]    [4.61e-03]    [8.28e-02, 2.76e+00, 5.67e-05]    
209000    [4.21e-03]    [4.61e-03]    [8.28e-02, 2.75e+00, 5.75e-05]    
210000    [4.08e-03]    [4.57e-03]    [8.26e-02, 2.74e+00, 5.49e-05]    
211000    [3.71e-03]    [4.68e-03]    [8.31e-02, 2.79e+00, 5.88e-05]    
212000    [3.42e-03]    [4.59e-03]    [8.25e-02, 2.74e+00, 5.74e-05]    
213000    [4.14e-03]    [4.60e-03]    [8.26e-02, 2.75e+00, 5.74e-05]    
214000    [3.43e-03]    [4.63e-03]    [8.29e-02, 2.77e+00, 5.74e-05]    
215000    [4.08e-03]    [4.61e-03]    [8.29e-02, 2.77e+00, 5.53e-05]    
216000    [3.55e-03]    [4.59e-03]    [8.28e-02, 2.75e+00, 5.69e-05]    
217000    [4.19e-03]    [4.58e-03]    [8.29e-02, 2.76e+00, 5.48e-05]    
218000    [4.11e-03]    [4.59e-03]    [8.26e-02, 2.75e+00, 5.66e-05]    
219000    [3.85e-03]    [4.63e-03]    [8.29e-02, 2.77e+00, 5.67e-05]    
220000    [3.95e-03]    [4.58e-03]    [8.24e-02, 2.73e+00, 5.81e-05]    
221000    [3.46e-03]    [4.56e-03]    [8.27e-02, 2.75e+00, 5.48e-05]    
222000    [3.05e-03]    [4.58e-03]    [8.30e-02, 2.75e+00, 5.54e-05]    
223000    [3.64e-03]    [4.62e-03]    [8.29e-02, 2.77e+00, 5.69e-05]    
224000    [3.82e-03]    [4.62e-03]    [8.28e-02, 2.76e+00, 5.69e-05]    
225000    [4.36e-03]    [4.59e-03]    [8.25e-02, 2.74e+00, 5.60e-05]    
226000    [5.14e-03]    [4.62e-03]    [8.30e-02, 2.76e+00, 5.76e-05]    
227000    [4.21e-03]    [4.60e-03]    [8.26e-02, 2.75e+00, 5.66e-05]    
228000    [5.10e-03]    [4.61e-03]    [8.28e-02, 2.75e+00, 5.74e-05]    
229000    [4.96e-03]    [4.60e-03]    [8.25e-02, 2.76e+00, 5.61e-05]    
230000    [4.11e-03]    [4.60e-03]    [8.27e-02, 2.76e+00, 5.68e-05]    
231000    [3.98e-03]    [4.60e-03]    [8.28e-02, 2.76e+00, 5.60e-05]    
232000    [3.37e-03]    [4.61e-03]    [8.27e-02, 2.76e+00, 5.68e-05]    
233000    [4.61e-03]    [4.63e-03]    [8.30e-02, 2.76e+00, 5.90e-05]    
234000    [4.38e-03]    [4.62e-03]    [8.28e-02, 2.76e+00, 5.76e-05]    
235000    [5.09e-03]    [4.59e-03]    [8.24e-02, 2.74e+00, 5.73e-05]    
236000    [3.93e-03]    [4.55e-03]    [8.22e-02, 2.73e+00, 5.52e-05]    
237000    [3.47e-03]    [4.62e-03]    [8.27e-02, 2.76e+00, 5.78e-05]    
238000    [3.75e-03]    [4.57e-03]    [8.23e-02, 2.73e+00, 5.65e-05]    
239000    [4.81e-03]    [4.56e-03]    [8.22e-02, 2.72e+00, 5.62e-05]    
240000    [4.68e-03]    [4.60e-03]    [8.26e-02, 2.76e+00, 5.66e-05]    
241000    [3.18e-03]    [4.62e-03]    [8.28e-02, 2.76e+00, 5.73e-05]    
242000    [3.25e-03]    [4.59e-03]    [8.24e-02, 2.74e+00, 5.77e-05]    
243000    [4.75e-03]    [4.55e-03]    [8.20e-02, 2.72e+00, 5.61e-05]    
244000    [3.15e-03]    [4.62e-03]    [8.30e-02, 2.77e+00, 5.60e-05]    
245000    [4.01e-03]    [4.60e-03]    [8.25e-02, 2.75e+00, 5.71e-05]    
246000    [4.35e-03]    [4.61e-03]    [8.26e-02, 2.76e+00, 5.62e-05]    
247000    [3.42e-03]    [4.53e-03]    [8.20e-02, 2.71e+00, 5.62e-05]    
248000    [4.27e-03]    [4.53e-03]    [8.19e-02, 2.71e+00, 5.62e-05]    
249000    [4.19e-03]    [4.53e-03]    [8.20e-02, 2.72e+00, 5.53e-05]    
250000    [4.00e-03]    [4.58e-03]    [8.22e-02, 2.73e+00, 5.75e-05]    
251000    [3.62e-03]    [4.53e-03]    [8.22e-02, 2.72e+00, 5.42e-05]    
252000    [4.56e-03]    [4.56e-03]    [8.24e-02, 2.74e+00, 5.57e-05]    
253000    [3.26e-03]    [4.55e-03]    [8.23e-02, 2.73e+00, 5.59e-05]    
254000    [2.93e-03]    [4.55e-03]    [8.21e-02, 2.72e+00, 5.58e-05]    
255000    [3.61e-03]    [4.52e-03]    [8.20e-02, 2.71e+00, 5.46e-05]    
256000    [4.01e-03]    [4.57e-03]    [8.22e-02, 2.72e+00, 5.83e-05]    
257000    [2.57e-03]    [4.53e-03]    [8.19e-02, 2.71e+00, 5.57e-05]    
258000    [3.77e-03]    [4.51e-03]    [8.17e-02, 2.70e+00, 5.52e-05]    
259000    [4.74e-03]    [4.56e-03]    [8.19e-02, 2.72e+00, 5.81e-05]    
260000    [3.51e-03]    [4.58e-03]    [8.21e-02, 2.73e+00, 5.83e-05]    
261000    [4.33e-03]    [4.53e-03]    [8.21e-02, 2.71e+00, 5.63e-05]    
262000    [3.68e-03]    [4.53e-03]    [8.19e-02, 2.71e+00, 5.60e-05]    
263000    [3.45e-03]    [4.53e-03]    [8.21e-02, 2.72e+00, 5.46e-05]    
264000    [4.05e-03]    [4.55e-03]    [8.20e-02, 2.72e+00, 5.60e-05]    
265000    [3.92e-03]    [4.59e-03]    [8.25e-02, 2.74e+00, 5.77e-05]    
266000    [3.25e-03]    [4.54e-03]    [8.18e-02, 2.71e+00, 5.69e-05]    
267000    [3.37e-03]    [4.50e-03]    [8.15e-02, 2.69e+00, 5.50e-05]    
268000    [3.59e-03]    [4.57e-03]    [8.19e-02, 2.71e+00, 5.83e-05]    
269000    [2.94e-03]    [4.51e-03]    [8.16e-02, 2.71e+00, 5.45e-05]    
270000    [3.72e-03]    [4.52e-03]    [8.17e-02, 2.69e+00, 5.67e-05]    
271000    [3.51e-03]    [4.49e-03]    [8.13e-02, 2.68e+00, 5.55e-05]    
272000    [4.40e-03]    [4.55e-03]    [8.19e-02, 2.71e+00, 5.76e-05]    
273000    [3.76e-03]    [4.48e-03]    [8.14e-02, 2.67e+00, 5.59e-05]    
274000    [4.26e-03]    [4.51e-03]    [8.20e-02, 2.70e+00, 5.59e-05]    
275000    [3.55e-03]    [4.51e-03]    [8.15e-02, 2.69e+00, 5.73e-05]    
276000    [3.31e-03]    [4.49e-03]    [8.16e-02, 2.68e+00, 5.58e-05]    
277000    [4.36e-03]    [4.50e-03]    [8.12e-02, 2.69e+00, 5.47e-05]    
278000    [3.53e-03]    [4.52e-03]    [8.16e-02, 2.70e+00, 5.64e-05]    
279000    [3.22e-03]    [4.56e-03]    [8.22e-02, 2.73e+00, 5.67e-05]    
280000    [3.78e-03]    [4.49e-03]    [8.16e-02, 2.69e+00, 5.52e-05]    
281000    [4.22e-03]    [4.52e-03]    [8.19e-02, 2.70e+00, 5.67e-05]    
282000    [3.41e-03]    [4.50e-03]    [8.16e-02, 2.69e+00, 5.65e-05]    
283000    [3.61e-03]    [4.51e-03]    [8.17e-02, 2.69e+00, 5.69e-05]    
284000    [4.24e-03]    [4.49e-03]    [8.14e-02, 2.69e+00, 5.55e-05]    
285000    [3.56e-03]    [4.46e-03]    [8.17e-02, 2.68e+00, 5.44e-05]    
286000    [3.02e-03]    [4.48e-03]    [8.14e-02, 2.68e+00, 5.56e-05]    
287000    [4.54e-03]    [4.50e-03]    [8.16e-02, 2.69e+00, 5.57e-05]    
288000    [3.39e-03]    [4.49e-03]    [8.20e-02, 2.70e+00, 5.40e-05]    
289000    [3.32e-03]    [4.49e-03]    [8.17e-02, 2.68e+00, 5.62e-05]    
290000    [4.29e-03]    [4.52e-03]    [8.22e-02, 2.71e+00, 5.55e-05]    
291000    [3.77e-03]    [4.47e-03]    [8.13e-02, 2.67e+00, 5.59e-05]    
292000    [3.98e-03]    [4.47e-03]    [8.15e-02, 2.68e+00, 5.46e-05]    
293000    [4.53e-03]    [4.49e-03]    [8.13e-02, 2.67e+00, 5.61e-05]    
294000    [3.66e-03]    [4.50e-03]    [8.20e-02, 2.69e+00, 5.63e-05]    
295000    [3.63e-03]    [4.47e-03]    [8.14e-02, 2.67e+00, 5.57e-05]    
296000    [3.39e-03]    [4.47e-03]    [8.17e-02, 2.68e+00, 5.43e-05]    
297000    [3.50e-03]    [4.45e-03]    [8.13e-02, 2.66e+00, 5.54e-05]    
298000    [3.99e-03]    [4.44e-03]    [8.13e-02, 2.66e+00, 5.40e-05]    
299000    [3.60e-03]    [4.46e-03]    [8.15e-02, 2.67e+00, 5.45e-05]    
300000    [3.91e-03]    [4.49e-03]    [8.17e-02, 2.69e+00, 5.49e-05]    

Best model at step 257000:
  train loss: 2.57e-03
  test loss: 4.53e-03
  test metric: [8.19e-02, 2.71e+00, 5.57e-05]

Epoch 300000: saving model to 3D_Lug_30K_Nodes_ABS_200K-300000.ckpt ...

'train' took 11899.647221 s

y_pred.shape = (100, 1, 29852, 2)
Inference took  20.485507249832153  s
Prediction speed =  0.20485507249832152  s/case
y_test_peeq.shape =  (100, 29852)
y_pred_peeq.shape = (100, 29852)
y_test_stress.shape =  (100, 29852)
y_pred_stress.shape = (100, 29852)
abs_error_p_samp =  [9.14717930e-06 2.83216826e-05 3.55121114e-05 4.41500458e-05
 8.88462521e-06 6.18754240e-06 7.95369948e-07 3.30840828e-06
 3.05052614e-04 2.48576374e-05 1.49475540e-05 1.83484367e-05
 2.95281391e-06 1.26060411e-06 9.84617479e-05 8.16427384e-06
 1.64944003e-05 7.26716525e-06 1.62272385e-05 4.41476407e-04
 3.04277265e-06 2.06301845e-05 5.33669260e-06 1.97171155e-06
 1.92728134e-04 4.29228711e-06 2.53705829e-05 1.27739781e-04
 2.83198275e-06 3.85095743e-06 1.77117122e-05 9.92827462e-07
 5.42543400e-07 1.20258754e-04 5.22768095e-05 1.54082970e-04
 6.54571031e-06 2.36256589e-06 2.64507560e-06 8.83344086e-06
 6.98937371e-06 1.29592594e-05 1.77323242e-05 5.34098705e-06
 1.57401453e-05 3.88360432e-04 4.48013283e-06 5.37860091e-05
 4.52989395e-05 2.04611289e-05 2.42915292e-04 9.45329893e-06
 7.80721110e-05 1.94055903e-05 5.94495431e-06 1.66087272e-05
 3.95762268e-06 2.47199493e-05 2.69512220e-06 2.54417253e-04
 5.61812492e-05 4.09604561e-06 1.01264141e-04 1.11887855e-05
 2.88826041e-05 7.88576787e-06 2.02624156e-05 2.79655232e-06
 7.61977369e-06 8.53205049e-07 3.41045852e-05 3.23037412e-05
 4.76696170e-07 6.07411226e-06 3.84296535e-05 4.34448079e-05
 9.28925714e-06 2.28062942e-06 2.13266084e-04 2.91340802e-05
 6.07389827e-06 1.33149001e-05 3.69344639e-05 1.59680638e-04
 5.71591529e-04 5.91523501e-06 3.81036677e-05 7.63630454e-06
 5.07441355e-06 5.97057284e-04 5.73790220e-05 2.29322770e-05
 1.15752907e-04 1.88057851e-05 3.33313560e-06 1.67584408e-05
 1.89742281e-05 9.60276962e-06 1.40272996e-05 4.43946211e-05]
mean of absolute error of Peeq: 5.49e-05
std of absolute error of Peeq: 1.09e-04
l2_error_s_samp =  [0.02746287 0.03417529 0.01819424 0.01545207 0.12198825 0.06011284
 0.08013071 0.10673329 0.0396843  0.01341909 0.07382271 0.02556777
 0.01763125 0.09933635 0.03594379 0.01325202 0.01330153 0.11384716
 0.15079679 0.03074107 0.62850964 0.02886318 0.05020479 0.04810697
 0.0770972  0.00911191 0.12868614 0.08251559 0.09758625 0.25514978
 0.02849281 0.04285404 0.01982643 0.12875846 0.01902863 0.06957786
 0.025858   0.04839368 0.0145107  0.11188618 0.01340855 0.12935075
 0.02518451 0.11383402 0.01520467 0.02338467 0.02693984 0.08819704
 0.16802955 0.0325414  0.3588987  0.01352786 0.10191646 0.19979406
 0.08627995 0.01458326 0.01292842 0.02901353 0.02367189 0.59315332
 0.01559121 0.07951678 0.04281484 0.01150975 0.07475397 0.17846651
 0.0437961  0.01376536 0.16469724 0.06679615 0.03126496 0.08096621
 0.0166448  0.02207816 0.03061492 0.06997862 0.03499197 0.01946758
 0.215575   0.01903597 0.06281669 0.17128113 0.01526532 0.141923
 0.11976792 0.0977753  0.14433096 0.01349416 0.01406134 0.06747089
 0.38101994 0.09533566 0.05537889 0.03381748 0.00886259 0.13745331
 0.02165276 0.15730622 0.02860034 0.09011672]
mean of L2 error of Stress: 8.17e-02
std of L2 error of Stress: 1.02e-01
done with job
