Running "module reset". Resetting modules to system default. The following $MODULEPATH directories have been removed: None

Currently Loaded Modules:
  1) cue-login-env/1.0   4) openmpi/4.1.2   7) default
  2) gcc/11.2.0          5) cuda/11.6.1     8) cudnn/8.9.0.131
  3) ucx/1.11.2          6) modtree/gpu     9) anaconda3_gpu/22.10.0

 

2023-11-25 06:56:18.352650: I tensorflow/core/platform/cpu_feature_guard.cc:182] This TensorFlow binary is optimized to use available CPU instructions in performance-critical operations.
To enable the following instructions: AVX2 FMA, in other operations, rebuild TensorFlow with the appropriate compiler flags.
2023-11-25 06:56:33.832499: W tensorflow/compiler/tf2tensorrt/utils/py_utils.cc:38] TF-TRT Warning: Could not find TensorRT
Using backend: tensorflow
Other supported backends: tensorflow.compat.v1, pytorch, jax, paddle.
paddle supports more examples now and is recommended.
2023-11-25 06:57:54.136136: W tensorflow/core/common_runtime/gpu/gpu_bfc_allocator.cc:47] Overriding orig_value setting because the TF_FORCE_GPU_ALLOW_GROWTH environment variable is set. Original config value was 0.
2023-11-25 06:57:54.185646: I tensorflow/core/common_runtime/gpu/gpu_device.cc:1635] Created device /job:localhost/replica:0/task:0/device:GPU:0 with 38172 MB memory:  -> device: 0, name: NVIDIA A100-SXM4-40GB, pci bus id: 0000:07:00.0, compute capability: 8.0
2023-11-25 06:57:58.132370: I tensorflow/core/common_runtime/executor.cc:1197] [/device:CPU:0] (DEBUG INFO) Executor start aborting (this does not indicate an error and you can ignore this message): INVALID_ARGUMENT: You must feed a value for placeholder tensor 'gradients/split_2_grad/concat/split_2/split_dim' with dtype int32
	 [[{{node gradients/split_2_grad/concat/split_2/split_dim}}]]
2023-11-25 06:57:58.133214: I tensorflow/core/common_runtime/executor.cc:1197] [/device:CPU:0] (DEBUG INFO) Executor start aborting (this does not indicate an error and you can ignore this message): INVALID_ARGUMENT: You must feed a value for placeholder tensor 'gradients/split_grad/concat/split/split_dim' with dtype int32
	 [[{{node gradients/split_grad/concat/split/split_dim}}]]
2023-11-25 06:57:58.133997: I tensorflow/core/common_runtime/executor.cc:1197] [/device:CPU:0] (DEBUG INFO) Executor start aborting (this does not indicate an error and you can ignore this message): INVALID_ARGUMENT: You must feed a value for placeholder tensor 'gradients/split_1_grad/concat/split_1/split_dim' with dtype int32
	 [[{{node gradients/split_1_grad/concat/split_1/split_dim}}]]
2023-11-25 06:57:58.257490: I tensorflow/core/common_runtime/executor.cc:1197] [/device:CPU:0] (DEBUG INFO) Executor start aborting (this does not indicate an error and you can ignore this message): INVALID_ARGUMENT: You must feed a value for placeholder tensor 'gradients/split_2_grad/concat/split_2/split_dim' with dtype int32
	 [[{{node gradients/split_2_grad/concat/split_2/split_dim}}]]
2023-11-25 06:57:58.258307: I tensorflow/core/common_runtime/executor.cc:1197] [/device:CPU:0] (DEBUG INFO) Executor start aborting (this does not indicate an error and you can ignore this message): INVALID_ARGUMENT: You must feed a value for placeholder tensor 'gradients/split_grad/concat/split/split_dim' with dtype int32
	 [[{{node gradients/split_grad/concat/split/split_dim}}]]
2023-11-25 06:57:58.259090: I tensorflow/core/common_runtime/executor.cc:1197] [/device:CPU:0] (DEBUG INFO) Executor start aborting (this does not indicate an error and you can ignore this message): INVALID_ARGUMENT: You must feed a value for placeholder tensor 'gradients/split_1_grad/concat/split_1/split_dim' with dtype int32
	 [[{{node gradients/split_1_grad/concat/split_1/split_dim}}]]
2023-11-25 06:57:58.450512: I tensorflow/core/common_runtime/executor.cc:1197] [/device:CPU:0] (DEBUG INFO) Executor start aborting (this does not indicate an error and you can ignore this message): INVALID_ARGUMENT: You must feed a value for placeholder tensor 'gradients/split_2_grad/concat/split_2/split_dim' with dtype int32
	 [[{{node gradients/split_2_grad/concat/split_2/split_dim}}]]
2023-11-25 06:57:58.451317: I tensorflow/core/common_runtime/executor.cc:1197] [/device:CPU:0] (DEBUG INFO) Executor start aborting (this does not indicate an error and you can ignore this message): INVALID_ARGUMENT: You must feed a value for placeholder tensor 'gradients/split_grad/concat/split/split_dim' with dtype int32
	 [[{{node gradients/split_grad/concat/split/split_dim}}]]
2023-11-25 06:57:58.452084: I tensorflow/core/common_runtime/executor.cc:1197] [/device:CPU:0] (DEBUG INFO) Executor start aborting (this does not indicate an error and you can ignore this message): INVALID_ARGUMENT: You must feed a value for placeholder tensor 'gradients/split_1_grad/concat/split_1/split_dim' with dtype int32
	 [[{{node gradients/split_1_grad/concat/split_1/split_dim}}]]
2023-11-25 06:57:58.581160: I tensorflow/core/common_runtime/executor.cc:1197] [/device:CPU:0] (DEBUG INFO) Executor start aborting (this does not indicate an error and you can ignore this message): INVALID_ARGUMENT: You must feed a value for placeholder tensor 'gradients/split_2_grad/concat/split_2/split_dim' with dtype int32
	 [[{{node gradients/split_2_grad/concat/split_2/split_dim}}]]
2023-11-25 06:57:58.581972: I tensorflow/core/common_runtime/executor.cc:1197] [/device:CPU:0] (DEBUG INFO) Executor start aborting (this does not indicate an error and you can ignore this message): INVALID_ARGUMENT: You must feed a value for placeholder tensor 'gradients/split_grad/concat/split/split_dim' with dtype int32
	 [[{{node gradients/split_grad/concat/split/split_dim}}]]
2023-11-25 06:57:58.582781: I tensorflow/core/common_runtime/executor.cc:1197] [/device:CPU:0] (DEBUG INFO) Executor start aborting (this does not indicate an error and you can ignore this message): INVALID_ARGUMENT: You must feed a value for placeholder tensor 'gradients/split_1_grad/concat/split_1/split_dim' with dtype int32
	 [[{{node gradients/split_1_grad/concat/split_1/split_dim}}]]
2023-11-25 06:57:59.399168: I tensorflow/core/common_runtime/executor.cc:1197] [/device:CPU:0] (DEBUG INFO) Executor start aborting (this does not indicate an error and you can ignore this message): INVALID_ARGUMENT: You must feed a value for placeholder tensor 'gradients/split_2_grad/concat/split_2/split_dim' with dtype int32
	 [[{{node gradients/split_2_grad/concat/split_2/split_dim}}]]
2023-11-25 06:57:59.399978: I tensorflow/core/common_runtime/executor.cc:1197] [/device:CPU:0] (DEBUG INFO) Executor start aborting (this does not indicate an error and you can ignore this message): INVALID_ARGUMENT: You must feed a value for placeholder tensor 'gradients/split_grad/concat/split/split_dim' with dtype int32
	 [[{{node gradients/split_grad/concat/split/split_dim}}]]
2023-11-25 06:57:59.400837: I tensorflow/core/common_runtime/executor.cc:1197] [/device:CPU:0] (DEBUG INFO) Executor start aborting (this does not indicate an error and you can ignore this message): INVALID_ARGUMENT: You must feed a value for placeholder tensor 'gradients/split_1_grad/concat/split_1/split_dim' with dtype int32
	 [[{{node gradients/split_1_grad/concat/split_1/split_dim}}]]
2023-11-25 06:57:59.507932: I tensorflow/core/common_runtime/executor.cc:1197] [/device:CPU:0] (DEBUG INFO) Executor start aborting (this does not indicate an error and you can ignore this message): INVALID_ARGUMENT: You must feed a value for placeholder tensor 'gradients/split_2_grad/concat/split_2/split_dim' with dtype int32
	 [[{{node gradients/split_2_grad/concat/split_2/split_dim}}]]
2023-11-25 06:57:59.508730: I tensorflow/core/common_runtime/executor.cc:1197] [/device:CPU:0] (DEBUG INFO) Executor start aborting (this does not indicate an error and you can ignore this message): INVALID_ARGUMENT: You must feed a value for placeholder tensor 'gradients/split_grad/concat/split/split_dim' with dtype int32
	 [[{{node gradients/split_grad/concat/split/split_dim}}]]
2023-11-25 06:57:59.509487: I tensorflow/core/common_runtime/executor.cc:1197] [/device:CPU:0] (DEBUG INFO) Executor start aborting (this does not indicate an error and you can ignore this message): INVALID_ARGUMENT: You must feed a value for placeholder tensor 'gradients/split_1_grad/concat/split_1/split_dim' with dtype int32
	 [[{{node gradients/split_1_grad/concat/split_1/split_dim}}]]
2023-11-25 06:57:59.618781: I tensorflow/core/common_runtime/executor.cc:1197] [/device:CPU:0] (DEBUG INFO) Executor start aborting (this does not indicate an error and you can ignore this message): INVALID_ARGUMENT: You must feed a value for placeholder tensor 'gradients/split_2_grad/concat/split_2/split_dim' with dtype int32
	 [[{{node gradients/split_2_grad/concat/split_2/split_dim}}]]
2023-11-25 06:57:59.619591: I tensorflow/core/common_runtime/executor.cc:1197] [/device:CPU:0] (DEBUG INFO) Executor start aborting (this does not indicate an error and you can ignore this message): INVALID_ARGUMENT: You must feed a value for placeholder tensor 'gradients/split_grad/concat/split/split_dim' with dtype int32
	 [[{{node gradients/split_grad/concat/split/split_dim}}]]
2023-11-25 06:57:59.620369: I tensorflow/core/common_runtime/executor.cc:1197] [/device:CPU:0] (DEBUG INFO) Executor start aborting (this does not indicate an error and you can ignore this message): INVALID_ARGUMENT: You must feed a value for placeholder tensor 'gradients/split_1_grad/concat/split_1/split_dim' with dtype int32
	 [[{{node gradients/split_1_grad/concat/split_1/split_dim}}]]
2023-11-25 06:57:59.729660: I tensorflow/core/common_runtime/executor.cc:1197] [/device:CPU:0] (DEBUG INFO) Executor start aborting (this does not indicate an error and you can ignore this message): INVALID_ARGUMENT: You must feed a value for placeholder tensor 'gradients/split_2_grad/concat/split_2/split_dim' with dtype int32
	 [[{{node gradients/split_2_grad/concat/split_2/split_dim}}]]
2023-11-25 06:57:59.730460: I tensorflow/core/common_runtime/executor.cc:1197] [/device:CPU:0] (DEBUG INFO) Executor start aborting (this does not indicate an error and you can ignore this message): INVALID_ARGUMENT: You must feed a value for placeholder tensor 'gradients/split_grad/concat/split/split_dim' with dtype int32
	 [[{{node gradients/split_grad/concat/split/split_dim}}]]
2023-11-25 06:57:59.731234: I tensorflow/core/common_runtime/executor.cc:1197] [/device:CPU:0] (DEBUG INFO) Executor start aborting (this does not indicate an error and you can ignore this message): INVALID_ARGUMENT: You must feed a value for placeholder tensor 'gradients/split_1_grad/concat/split_1/split_dim' with dtype int32
	 [[{{node gradients/split_1_grad/concat/split_1/split_dim}}]]
2023-11-25 06:58:01.682909: I tensorflow/compiler/xla/service/service.cc:169] XLA service 0x36ab5370 initialized for platform CUDA (this does not guarantee that XLA will be used). Devices:
2023-11-25 06:58:01.682934: I tensorflow/compiler/xla/service/service.cc:177]   StreamExecutor device (0): NVIDIA A100-SXM4-40GB, Compute Capability 8.0
2023-11-25 06:58:12.691886: I tensorflow/compiler/xla/stream_executor/cuda/cuda_dnn.cc:424] Loaded cuDNN version 8900
2023-11-25 06:58:24.625668: I ./tensorflow/compiler/jit/device_compiler.h:180] Compiled cluster using XLA!  This line is logged at most once for the lifetime of the process.
2023-11-25 06:58:27.472790: I tensorflow/compiler/mlir/tensorflow/utils/dump_mlir_util.cc:269] disabling MLIR crash reproducer, set env var `MLIR_CRASH_REPRODUCER_DIRECTORY` to enable.
2023-11-25 06:58:29.931500: I tensorflow/core/common_runtime/executor.cc:1197] [/device:CPU:0] (DEBUG INFO) Executor start aborting (this does not indicate an error and you can ignore this message): INVALID_ARGUMENT: You must feed a value for placeholder tensor 'gradients/split_2_grad/concat/split_2/split_dim' with dtype int32
	 [[{{node gradients/split_2_grad/concat/split_2/split_dim}}]]
2023-11-25 06:58:29.932320: I tensorflow/core/common_runtime/executor.cc:1197] [/device:CPU:0] (DEBUG INFO) Executor start aborting (this does not indicate an error and you can ignore this message): INVALID_ARGUMENT: You must feed a value for placeholder tensor 'gradients/split_grad/concat/split/split_dim' with dtype int32
	 [[{{node gradients/split_grad/concat/split/split_dim}}]]
2023-11-25 06:58:29.933085: I tensorflow/core/common_runtime/executor.cc:1197] [/device:CPU:0] (DEBUG INFO) Executor start aborting (this does not indicate an error and you can ignore this message): INVALID_ARGUMENT: You must feed a value for placeholder tensor 'gradients/split_1_grad/concat/split_1/split_dim' with dtype int32
	 [[{{node gradients/split_1_grad/concat/split_1/split_dim}}]]
2023-11-25 06:58:30.040245: I tensorflow/core/common_runtime/executor.cc:1197] [/device:CPU:0] (DEBUG INFO) Executor start aborting (this does not indicate an error and you can ignore this message): INVALID_ARGUMENT: You must feed a value for placeholder tensor 'gradients/split_2_grad/concat/split_2/split_dim' with dtype int32
	 [[{{node gradients/split_2_grad/concat/split_2/split_dim}}]]
2023-11-25 06:58:30.041040: I tensorflow/core/common_runtime/executor.cc:1197] [/device:CPU:0] (DEBUG INFO) Executor start aborting (this does not indicate an error and you can ignore this message): INVALID_ARGUMENT: You must feed a value for placeholder tensor 'gradients/split_grad/concat/split/split_dim' with dtype int32
	 [[{{node gradients/split_grad/concat/split/split_dim}}]]
2023-11-25 06:58:30.041799: I tensorflow/core/common_runtime/executor.cc:1197] [/device:CPU:0] (DEBUG INFO) Executor start aborting (this does not indicate an error and you can ignore this message): INVALID_ARGUMENT: You must feed a value for placeholder tensor 'gradients/split_1_grad/concat/split_1/split_dim' with dtype int32
	 [[{{node gradients/split_1_grad/concat/split_1/split_dim}}]]
2023-11-25 06:58:30.151719: I tensorflow/core/common_runtime/executor.cc:1197] [/device:CPU:0] (DEBUG INFO) Executor start aborting (this does not indicate an error and you can ignore this message): INVALID_ARGUMENT: You must feed a value for placeholder tensor 'gradients/split_2_grad/concat/split_2/split_dim' with dtype int32
	 [[{{node gradients/split_2_grad/concat/split_2/split_dim}}]]
2023-11-25 06:58:30.152524: I tensorflow/core/common_runtime/executor.cc:1197] [/device:CPU:0] (DEBUG INFO) Executor start aborting (this does not indicate an error and you can ignore this message): INVALID_ARGUMENT: You must feed a value for placeholder tensor 'gradients/split_grad/concat/split/split_dim' with dtype int32
	 [[{{node gradients/split_grad/concat/split/split_dim}}]]
2023-11-25 06:58:30.153297: I tensorflow/core/common_runtime/executor.cc:1197] [/device:CPU:0] (DEBUG INFO) Executor start aborting (this does not indicate an error and you can ignore this message): INVALID_ARGUMENT: You must feed a value for placeholder tensor 'gradients/split_1_grad/concat/split_1/split_dim' with dtype int32
	 [[{{node gradients/split_1_grad/concat/split_1/split_dim}}]]
2023-11-25 06:58:30.261963: I tensorflow/core/common_runtime/executor.cc:1197] [/device:CPU:0] (DEBUG INFO) Executor start aborting (this does not indicate an error and you can ignore this message): INVALID_ARGUMENT: You must feed a value for placeholder tensor 'gradients/split_2_grad/concat/split_2/split_dim' with dtype int32
	 [[{{node gradients/split_2_grad/concat/split_2/split_dim}}]]
2023-11-25 06:58:30.262749: I tensorflow/core/common_runtime/executor.cc:1197] [/device:CPU:0] (DEBUG INFO) Executor start aborting (this does not indicate an error and you can ignore this message): INVALID_ARGUMENT: You must feed a value for placeholder tensor 'gradients/split_grad/concat/split/split_dim' with dtype int32
	 [[{{node gradients/split_grad/concat/split/split_dim}}]]
2023-11-25 06:58:30.263513: I tensorflow/core/common_runtime/executor.cc:1197] [/device:CPU:0] (DEBUG INFO) Executor start aborting (this does not indicate an error and you can ignore this message): INVALID_ARGUMENT: You must feed a value for placeholder tensor 'gradients/split_1_grad/concat/split_1/split_dim' with dtype int32
	 [[{{node gradients/split_1_grad/concat/split_1/split_dim}}]]
2023-11-25 06:58:31.499138: I tensorflow/core/common_runtime/executor.cc:1197] [/device:CPU:0] (DEBUG INFO) Executor start aborting (this does not indicate an error and you can ignore this message): INVALID_ARGUMENT: You must feed a value for placeholder tensor 'gradients/deep_o_net_cartesian_prod/sequential/gru_3/PartitionedCall_grad/deep_o_net_cartesian_prod/sequential/gru_3/PartitionedCall' with dtype int32 and shape [3]
	 [[{{node gradients/deep_o_net_cartesian_prod/sequential/gru_3/PartitionedCall_grad/deep_o_net_cartesian_prod/sequential/gru_3/PartitionedCall}}]]
2023-11-25 06:58:31.499213: I tensorflow/core/common_runtime/executor.cc:1197] [/device:CPU:0] (DEBUG INFO) Executor start aborting (this does not indicate an error and you can ignore this message): INVALID_ARGUMENT: You must feed a value for placeholder tensor 'gradients/deep_o_net_cartesian_prod/sequential/gru_3/PartitionedCall_grad/deep_o_net_cartesian_prod/sequential/gru_3/PartitionedCall_18' with dtype int32 and shape [3]
	 [[{{node gradients/deep_o_net_cartesian_prod/sequential/gru_3/PartitionedCall_grad/deep_o_net_cartesian_prod/sequential/gru_3/PartitionedCall_18}}]]
2023-11-25 06:58:31.599135: I tensorflow/core/common_runtime/executor.cc:1197] [/device:CPU:0] (DEBUG INFO) Executor start aborting (this does not indicate an error and you can ignore this message): INVALID_ARGUMENT: You must feed a value for placeholder tensor 'gradients/deep_o_net_cartesian_prod/sequential/gru_2/PartitionedCall_grad/deep_o_net_cartesian_prod/sequential/gru_2/PartitionedCall' with dtype int32 and shape [3]
	 [[{{node gradients/deep_o_net_cartesian_prod/sequential/gru_2/PartitionedCall_grad/deep_o_net_cartesian_prod/sequential/gru_2/PartitionedCall}}]]
2023-11-25 06:58:31.599196: I tensorflow/core/common_runtime/executor.cc:1197] [/device:CPU:0] (DEBUG INFO) Executor start aborting (this does not indicate an error and you can ignore this message): INVALID_ARGUMENT: You must feed a value for placeholder tensor 'gradients/deep_o_net_cartesian_prod/sequential/gru_2/PartitionedCall_grad/deep_o_net_cartesian_prod/sequential/gru_2/PartitionedCall_18' with dtype int32 and shape [3]
	 [[{{node gradients/deep_o_net_cartesian_prod/sequential/gru_2/PartitionedCall_grad/deep_o_net_cartesian_prod/sequential/gru_2/PartitionedCall_18}}]]
2023-11-25 06:58:31.721863: I tensorflow/core/common_runtime/executor.cc:1197] [/device:CPU:0] (DEBUG INFO) Executor start aborting (this does not indicate an error and you can ignore this message): INVALID_ARGUMENT: You must feed a value for placeholder tensor 'gradients/deep_o_net_cartesian_prod/sequential/gru_1/PartitionedCall_grad/deep_o_net_cartesian_prod/sequential/gru_1/PartitionedCall' with dtype int32 and shape [3]
	 [[{{node gradients/deep_o_net_cartesian_prod/sequential/gru_1/PartitionedCall_grad/deep_o_net_cartesian_prod/sequential/gru_1/PartitionedCall}}]]
2023-11-25 06:58:31.721924: I tensorflow/core/common_runtime/executor.cc:1197] [/device:CPU:0] (DEBUG INFO) Executor start aborting (this does not indicate an error and you can ignore this message): INVALID_ARGUMENT: You must feed a value for placeholder tensor 'gradients/deep_o_net_cartesian_prod/sequential/gru_1/PartitionedCall_grad/deep_o_net_cartesian_prod/sequential/gru_1/PartitionedCall_18' with dtype int32 and shape [3]
	 [[{{node gradients/deep_o_net_cartesian_prod/sequential/gru_1/PartitionedCall_grad/deep_o_net_cartesian_prod/sequential/gru_1/PartitionedCall_18}}]]
2023-11-25 06:58:31.821139: I tensorflow/core/common_runtime/executor.cc:1197] [/device:CPU:0] (DEBUG INFO) Executor start aborting (this does not indicate an error and you can ignore this message): INVALID_ARGUMENT: You must feed a value for placeholder tensor 'gradients/deep_o_net_cartesian_prod/sequential/gru/PartitionedCall_grad/deep_o_net_cartesian_prod/sequential/gru/PartitionedCall' with dtype int32 and shape [3]
	 [[{{node gradients/deep_o_net_cartesian_prod/sequential/gru/PartitionedCall_grad/deep_o_net_cartesian_prod/sequential/gru/PartitionedCall}}]]
2023-11-25 06:58:31.821198: I tensorflow/core/common_runtime/executor.cc:1197] [/device:CPU:0] (DEBUG INFO) Executor start aborting (this does not indicate an error and you can ignore this message): INVALID_ARGUMENT: You must feed a value for placeholder tensor 'gradients/deep_o_net_cartesian_prod/sequential/gru/PartitionedCall_grad/deep_o_net_cartesian_prod/sequential/gru/PartitionedCall_18' with dtype int32 and shape [3]
	 [[{{node gradients/deep_o_net_cartesian_prod/sequential/gru/PartitionedCall_grad/deep_o_net_cartesian_prod/sequential/gru/PartitionedCall_18}}]]
2023-11-25 10:16:20.706312: I tensorflow/core/common_runtime/executor.cc:1197] [/device:CPU:0] (DEBUG INFO) Executor start aborting (this does not indicate an error and you can ignore this message): INVALID_ARGUMENT: You must feed a value for placeholder tensor 'gradients/split_2_grad/concat/split_2/split_dim' with dtype int32
	 [[{{node gradients/split_2_grad/concat/split_2/split_dim}}]]
2023-11-25 10:16:20.707748: I tensorflow/core/common_runtime/executor.cc:1197] [/device:CPU:0] (DEBUG INFO) Executor start aborting (this does not indicate an error and you can ignore this message): INVALID_ARGUMENT: You must feed a value for placeholder tensor 'gradients/split_grad/concat/split/split_dim' with dtype int32
	 [[{{node gradients/split_grad/concat/split/split_dim}}]]
2023-11-25 10:16:20.708514: I tensorflow/core/common_runtime/executor.cc:1197] [/device:CPU:0] (DEBUG INFO) Executor start aborting (this does not indicate an error and you can ignore this message): INVALID_ARGUMENT: You must feed a value for placeholder tensor 'gradients/split_1_grad/concat/split_1/split_dim' with dtype int32
	 [[{{node gradients/split_1_grad/concat/split_1/split_dim}}]]
2023-11-25 10:16:20.816731: I tensorflow/core/common_runtime/executor.cc:1197] [/device:CPU:0] (DEBUG INFO) Executor start aborting (this does not indicate an error and you can ignore this message): INVALID_ARGUMENT: You must feed a value for placeholder tensor 'gradients/split_2_grad/concat/split_2/split_dim' with dtype int32
	 [[{{node gradients/split_2_grad/concat/split_2/split_dim}}]]
2023-11-25 10:16:20.817521: I tensorflow/core/common_runtime/executor.cc:1197] [/device:CPU:0] (DEBUG INFO) Executor start aborting (this does not indicate an error and you can ignore this message): INVALID_ARGUMENT: You must feed a value for placeholder tensor 'gradients/split_grad/concat/split/split_dim' with dtype int32
	 [[{{node gradients/split_grad/concat/split/split_dim}}]]
2023-11-25 10:16:20.818273: I tensorflow/core/common_runtime/executor.cc:1197] [/device:CPU:0] (DEBUG INFO) Executor start aborting (this does not indicate an error and you can ignore this message): INVALID_ARGUMENT: You must feed a value for placeholder tensor 'gradients/split_1_grad/concat/split_1/split_dim' with dtype int32
	 [[{{node gradients/split_1_grad/concat/split_1/split_dim}}]]
2023-11-25 10:16:21.026618: I tensorflow/core/common_runtime/executor.cc:1197] [/device:CPU:0] (DEBUG INFO) Executor start aborting (this does not indicate an error and you can ignore this message): INVALID_ARGUMENT: You must feed a value for placeholder tensor 'gradients/split_2_grad/concat/split_2/split_dim' with dtype int32
	 [[{{node gradients/split_2_grad/concat/split_2/split_dim}}]]
2023-11-25 10:16:21.027405: I tensorflow/core/common_runtime/executor.cc:1197] [/device:CPU:0] (DEBUG INFO) Executor start aborting (this does not indicate an error and you can ignore this message): INVALID_ARGUMENT: You must feed a value for placeholder tensor 'gradients/split_grad/concat/split/split_dim' with dtype int32
	 [[{{node gradients/split_grad/concat/split/split_dim}}]]
2023-11-25 10:16:21.028163: I tensorflow/core/common_runtime/executor.cc:1197] [/device:CPU:0] (DEBUG INFO) Executor start aborting (this does not indicate an error and you can ignore this message): INVALID_ARGUMENT: You must feed a value for placeholder tensor 'gradients/split_1_grad/concat/split_1/split_dim' with dtype int32
	 [[{{node gradients/split_1_grad/concat/split_1/split_dim}}]]
2023-11-25 10:16:21.142088: I tensorflow/core/common_runtime/executor.cc:1197] [/device:CPU:0] (DEBUG INFO) Executor start aborting (this does not indicate an error and you can ignore this message): INVALID_ARGUMENT: You must feed a value for placeholder tensor 'gradients/split_2_grad/concat/split_2/split_dim' with dtype int32
	 [[{{node gradients/split_2_grad/concat/split_2/split_dim}}]]
2023-11-25 10:16:21.142889: I tensorflow/core/common_runtime/executor.cc:1197] [/device:CPU:0] (DEBUG INFO) Executor start aborting (this does not indicate an error and you can ignore this message): INVALID_ARGUMENT: You must feed a value for placeholder tensor 'gradients/split_grad/concat/split/split_dim' with dtype int32
	 [[{{node gradients/split_grad/concat/split/split_dim}}]]
2023-11-25 10:16:21.143659: I tensorflow/core/common_runtime/executor.cc:1197] [/device:CPU:0] (DEBUG INFO) Executor start aborting (this does not indicate an error and you can ignore this message): INVALID_ARGUMENT: You must feed a value for placeholder tensor 'gradients/split_1_grad/concat/split_1/split_dim' with dtype int32
	 [[{{node gradients/split_1_grad/concat/split_1/split_dim}}]]
